<?xml version="1.0" encoding="UTF-8"?>
<rss version="2.0" xmlns:g="http://base.google.com/ns/1.0">
  <channel>
    <title>PriceElephant Test Products</title>
    <link>https://test.priceelephant.com</link>
    <description>Test product feed voor PriceElephant development</description>
    
    <item>
      <g:id>PE-TEST-001</g:id>
      <g:title>Lenovo ThinkPad X1 Carbon Gen 11</g:title>
      <g:description>14" laptop met Intel Core i7, 16GB RAM, 512GB SSD</g:description>
      <g:link>https://test.priceelephant.com/products/thinkpad-x1-carbon</g:link>
      <g:image_link>https://via.placeholder.com/300x300.png?text=ThinkPad</g:image_link>
      <g:price>1899.00 EUR</g:price>
      <g:gtin>0196801948891</g:gtin>
      <g:brand>Lenovo</g:brand>
      <g:condition>new</g:condition>
      <g:availability>in stock</g:availability>
      <g:product_type>Computers &gt; Laptops</g:product_type>
    </item>
    
    <item>
      <g:id>PE-TEST-002</g:id>
      <g:title>Logitech MX Master 3S</g:title>
      <g:description>Draadloze muis met stille klikken en MagSpeed scrollwiel</g:description>
      <g:link>https://test.priceelephant.com/products/mx-master-3s</g:link>
      <g:image_link>https://via.placeholder.com/300x300.png?text=MX+Master</g:image_link>
      <g:price>109.99 EUR</g:price>
      <g:gtin>5099206098596</g:gtin>
      <g:brand>Logitech</g:brand>
      <g:condition>new</g:condition>
      <g:availability>in stock</g:availability>
      <g:product_type>Electronics &gt; Computer Accessories</g:product_type>
    </item>
    
    <item>
      <g:id>PE-TEST-003</g:id>
      <g:title>Samsung Odyssey G9</g:title>
      <g:description>49" curved gaming monitor, 240Hz, QLED, 5120x1440</g:description>
      <g:link>https://test.priceelephant.com/products/odyssey-g9</g:link>
      <g:image_link>https://via.placeholder.com/300x300.png?text=Odyssey+G9</g:image_link>
      <g:price>1599.00 EUR</g:price>
      <g:gtin>8806094968507</g:gtin>
      <g:brand>Samsung</g:brand>
      <g:condition>new</g:condition>
      <g:availability>in stock</g:availability>
      <g:product_type>Electronics &gt; Monitors</g:product_type>
    </item>
    
    <item>
      <g:id>PE-TEST-004</g:id>
      <g:title>Apple AirPods Pro (2nd generation)</g:title>
      <g:description>Noise cancelling oordopjes met USB-C laadcase</g:description>
      <g:link>https://test.priceelephant.com/products/airpods-pro-2</g:link>
      <g:image_link>https://via.placeholder.com/300x300.png?text=AirPods+Pro</g:image_link>
      <g:price>279.00 EUR</g:price>
      <g:gtin>0194253911029</g:gtin>
      <g:brand>Apple</g:brand>
      <g:condition>new</g:condition>
      <g:availability>in stock</g:availability>
      <g:product_type>Electronics &gt; Audio &gt; Headphones</g:product_type>
    </item>
    
    <item>
      <g:id>PE-TEST-005</g:id>
      <g:title>Sony PlayStation 5</g:title>
      <g:description>PS5 console met disc drive, 825GB SSD</g:description>
      <g:link>https://test.priceelephant.com/products/playstation-5</g:link>
      <g:image_link>https://via.placeholder.com/300x300.png?text=PS5</g:image_link>
      <g:price>549.99 EUR</g:price>
      <g:gtin>0711719556985</g:gtin>
      <g:brand>Sony</g:brand>
      <g:condition>new</g:condition>
      <g:availability>in stock</g:availability>
      <g:product_type>Electronics &gt; Gaming &gt; Consoles</g:product_type>
    </item>

  </channel>
</rss>
